<?xml version="1.0" encoding="UTF-8"?>
<!-- Generated by org.testng.reporters.JUnitReportReporter -->
<testsuite hostname="LAPTOP-1BS8V1UU" failures="0" tests="3" name="com.crm.qa.testcases.HomePageTest" time="58.316" errors="0" timestamp="2021-03-13T22:11:26 IST" skipped="0">
  <testcase classname="com.crm.qa.testcases.HomePageTest" name="UserloggedInTest" time="18.940"/>
  <system-out/>
  <testcase classname="com.crm.qa.testcases.HomePageTest" name="homePageTitleTest" time="18.248"/>
  <system-out/>
  <testcase classname="com.crm.qa.testcases.HomePageTest" name="verifyContactsLink" time="21.128"/>
  <system-out/>
</testsuite> <!-- com.crm.qa.testcases.HomePageTest -->
