<?xml version="1.0" encoding="UTF-8"?>
<!-- Generated by org.testng.reporters.JUnitReportReporter -->
<testsuite hostname="LAPTOP-1BS8V1UU" failures="0" tests="3" name="com.crm.qa.testcases.LoginPageTest" time="31.595" errors="0" timestamp="2021-03-13T15:46:31 IST" skipped="0">
  <testcase classname="com.crm.qa.testcases.LoginPageTest" name="loginPageTitleTest" time="6.878"/>
  <system-out/>
  <testcase classname="com.crm.qa.testcases.LoginPageTest" name="crmLogoImageTest" time="8.173"/>
  <system-out/>
  <testcase classname="com.crm.qa.testcases.LoginPageTest" name="loginTest" time="16.544"/>
  <system-out/>
</testsuite> <!-- com.crm.qa.testcases.LoginPageTest -->
