<?xml version="1.0" encoding="UTF-8"?>
<!-- Generated by org.testng.reporters.JUnitReportReporter -->
<testsuite skipped="2" hostname="LAPTOP-1BS8V1UU" name="com.crm.qa.testcases.ContactsPageTest" tests="3" failures="0" timestamp="2021-03-14T19:56:11 IST" time="26.036" errors="0">
  <testcase name="selectContactsTest" time="26.036" classname="com.crm.qa.testcases.ContactsPageTest"/>
  <system-out/>
  <testcase name="validateCreateNewContact" classname="com.crm.qa.testcases.ContactsPageTest">
    <skipped/>
  </testcase> <!-- validateCreateNewContact -->
  <system-out/>
  <testcase name="verifyContactsPageLabel" classname="com.crm.qa.testcases.ContactsPageTest">
    <skipped/>
  </testcase> <!-- verifyContactsPageLabel -->
  <system-out/>
</testsuite> <!-- com.crm.qa.testcases.ContactsPageTest -->
